#
# There is insufficient memory for the Java Runtime Environment to continue.
# Native memory allocation (malloc) failed to allocate 122864 bytes. Error detail: Chunk::new
# Possible reasons:
#   The system is out of physical RAM or swap space
#   This process is running with CompressedOops enabled, and the Java Heap may be blocking the growth of the native heap
# Possible solutions:
#   Reduce memory load on the system
#   Increase physical memory or swap space
#   Check if swap backing store is full
#   Decrease Java heap size (-Xmx/-Xms)
#   Decrease number of Java threads
#   Decrease Java thread stack sizes (-Xss)
#   Set larger code cache with -XX:ReservedCodeCacheSize=
#   JVM is running with Unscaled Compressed Oops mode in which the Java heap is
#     placed in the first 4GB address space. The Java Heap base address is the
#     maximum limit for the native heap growth. Please use -XX:HeapBaseMinAddress
#     to set the Java Heap base and to place the Java Heap above 4GB virtual address.
# This output file may be truncated or incomplete.
#
#  Out of Memory Error (arena.cpp:168), pid=40024, tid=39944
#
# JRE version: OpenJDK Runtime Environment Temurin-21.0.6+7 (21.0.6+7) (build 21.0.6+7-LTS)
# Java VM: OpenJDK 64-Bit Server VM Temurin-21.0.6+7 (21.0.6+7-LTS, mixed mode, sharing, tiered, compressed oops, compressed class ptrs, parallel gc, windows-amd64)
# No core dump will be written. Minidumps are not enabled by default on client versions of Windows
#

---------------  S U M M A R Y ------------

Command Line: --add-modules=ALL-SYSTEM --add-opens=java.base/java.util=ALL-UNNAMED --add-opens=java.base/java.lang=ALL-UNNAMED --add-opens=java.base/sun.nio.fs=ALL-UNNAMED -Declipse.application=org.eclipse.jdt.ls.core.id1 -Dosgi.bundles.defaultStartLevel=4 -Declipse.product=org.eclipse.jdt.ls.core.product -Djava.import.generatesMetadataFilesAtProjectRoot=false -DDetectVMInstallationsJob.disabled=true -Dfile.encoding=utf8 -XX:+UseParallelGC -XX:GCTimeRatio=4 -XX:AdaptiveSizePolicyWeight=90 -Dsun.zip.disableMemoryMapping=true -Xmx1G -Xms100m -Xlog:disable -javaagent:c:\Users\Administrator\.cursor\extensions\redhat.java-1.40.0-win32-x64\lombok\lombok-1.18.36.jar -XX:+HeapDumpOnOutOfMemoryError -XX:HeapDumpPath=c:\Users\Administrator\AppData\Roaming\Cursor\User\workspaceStorage\ccf8b24a131b191844fcd40c0f56d9f5\redhat.java -Daether.dependencyCollector.impl=bf c:\Users\Administrator\.cursor\extensions\redhat.java-1.40.0-win32-x64\server\plugins\org.eclipse.equinox.launcher_1.6.1000.v20250131-0606.jar -configuration c:\Users\Administrator\AppData\Roaming\Cursor\User\globalStorage\redhat.java\1.40.0\config_win -data c:\Users\Administrator\AppData\Roaming\Cursor\User\workspaceStorage\ccf8b24a131b191844fcd40c0f56d9f5\redhat.java\jdt_ws --pipe=\\.\pipe\lsp-5accf0b695275a82270dcfca554161db-sock

Host: 13th Gen Intel(R) Core(TM) i5-13500HX, 20 cores, 15G,  Windows 11 , 64 bit Build 26100 (10.0.26100.3323)
Time: Tue Mar 25 20:26:13 2025  Windows 11 , 64 bit Build 26100 (10.0.26100.3323) elapsed time: 5.146914 seconds (0d 0h 0m 5s)

---------------  T H R E A D  ---------------

Current thread (0x0000027916cae6b0):  JavaThread "C2 CompilerThread1" daemon [_thread_in_native, id=39944, stack(0x000000a46b300000,0x000000a46b400000) (1024K)]


Current CompileTask:
C2:5147 3310       4       lombok.patcher.MethodTarget::typeMatches (14 bytes)

Stack: [0x000000a46b300000,0x000000a46b400000]
Native frames: (J=compiled Java code, j=interpreted, Vv=VM code, C=native code)
V  [jvm.dll+0x6cdee9]
V  [jvm.dll+0x8a83d1]
V  [jvm.dll+0x8aa8fe]
V  [jvm.dll+0x8aafe3]
V  [jvm.dll+0x27f706]
V  [jvm.dll+0xc500d]
V  [jvm.dll+0xc5543]
V  [jvm.dll+0x3b678c]
V  [jvm.dll+0x382935]
V  [jvm.dll+0x381d9a]
V  [jvm.dll+0x2479f0]
V  [jvm.dll+0x246fcf]
V  [jvm.dll+0x1c75ee]
V  [jvm.dll+0x25685a]
V  [jvm.dll+0x254dfa]
V  [jvm.dll+0x3f0256]
V  [jvm.dll+0x851f8b]
V  [jvm.dll+0x6cc5ed]
C  [ucrtbase.dll+0x37b0]
C  [KERNEL32.DLL+0x2e8d7]
C  [ntdll.dll+0xbbf6c]


---------------  P R O C E S S  ---------------

Threads class SMR info:
_java_thread_list=0x0000027916b18ae0, length=22, elements={
0x00000278b8eb94f0, 0x00000278cda410a0, 0x00000278cda41db0, 0x000002790ffb6fd0,
0x000002790ffb99f0, 0x000002790ffc1da0, 0x000002790ffc4520, 0x000002790ffc9520,
0x000002790ffcada0, 0x0000027910092350, 0x000002790ffc4bb0, 0x00000279102ac3b0,
0x000002790ffc58d0, 0x000002790ffc5f60, 0x000002790ffc3e90, 0x000002790ffc3170,
0x000002790ffc5240, 0x000002790ffc3800, 0x0000027917169610, 0x0000027917168260,
0x0000027916cae6b0, 0x00000279171688f0
}

Java Threads: ( => current thread )
  0x00000278b8eb94f0 JavaThread "main"                              [_thread_blocked, id=40052, stack(0x000000a469200000,0x000000a469300000) (1024K)]
  0x00000278cda410a0 JavaThread "Reference Handler"          daemon [_thread_blocked, id=40088, stack(0x000000a469600000,0x000000a469700000) (1024K)]
  0x00000278cda41db0 JavaThread "Finalizer"                  daemon [_thread_blocked, id=40092, stack(0x000000a469700000,0x000000a469800000) (1024K)]
  0x000002790ffb6fd0 JavaThread "Signal Dispatcher"          daemon [_thread_blocked, id=40096, stack(0x000000a469800000,0x000000a469900000) (1024K)]
  0x000002790ffb99f0 JavaThread "Attach Listener"            daemon [_thread_blocked, id=40100, stack(0x000000a469900000,0x000000a469a00000) (1024K)]
  0x000002790ffc1da0 JavaThread "Service Thread"             daemon [_thread_blocked, id=40104, stack(0x000000a469a00000,0x000000a469b00000) (1024K)]
  0x000002790ffc4520 JavaThread "Monitor Deflation Thread"   daemon [_thread_blocked, id=40108, stack(0x000000a469b00000,0x000000a469c00000) (1024K)]
  0x000002790ffc9520 JavaThread "C2 CompilerThread0"         daemon [_thread_in_native, id=40112, stack(0x000000a469c00000,0x000000a469d00000) (1024K)]
  0x000002790ffcada0 JavaThread "C1 CompilerThread0"         daemon [_thread_blocked, id=40116, stack(0x000000a469d00000,0x000000a469e00000) (1024K)]
  0x0000027910092350 JavaThread "C1 CompilerThread1"         daemon [_thread_blocked, id=40120, stack(0x000000a469e00000,0x000000a469f00000) (1024K)]
  0x000002790ffc4bb0 JavaThread "Common-Cleaner"             daemon [_thread_blocked, id=40124, stack(0x000000a469f00000,0x000000a46a000000) (1024K)]
  0x00000279102ac3b0 JavaThread "C1 CompilerThread2"         daemon [_thread_blocked, id=40132, stack(0x000000a46a000000,0x000000a46a100000) (1024K)]
  0x000002790ffc58d0 JavaThread "Notification Thread"        daemon [_thread_blocked, id=40328, stack(0x000000a46a100000,0x000000a46a200000) (1024K)]
  0x000002790ffc5f60 JavaThread "Active Thread: Equinox Container: eebc6bf2-5edf-4e2d-b044-500d1139f73a"        [_thread_blocked, id=40632, stack(0x000000a46a300000,0x000000a46a400000) (1024K)]
  0x000002790ffc3e90 JavaThread "Refresh Thread: Equinox Container: eebc6bf2-5edf-4e2d-b044-500d1139f73a" daemon [_thread_blocked, id=40712, stack(0x000000a46ab00000,0x000000a46ac00000) (1024K)]
  0x000002790ffc3170 JavaThread "Framework Event Dispatcher: Equinox Container: eebc6bf2-5edf-4e2d-b044-500d1139f73a" daemon [_thread_blocked, id=40740, stack(0x000000a46ad00000,0x000000a46ae00000) (1024K)]
  0x000002790ffc5240 JavaThread "Start Level: Equinox Container: eebc6bf2-5edf-4e2d-b044-500d1139f73a" daemon [_thread_in_native, id=40756, stack(0x000000a46ae00000,0x000000a46af00000) (1024K)]
  0x000002790ffc3800 JavaThread "Bundle File Closer"         daemon [_thread_blocked, id=36280, stack(0x000000a46af00000,0x000000a46b000000) (1024K)]
  0x0000027917169610 JavaThread "SCR Component Actor"        daemon [_thread_blocked, id=40916, stack(0x000000a46a200000,0x000000a46a300000) (1024K)]
  0x0000027917168260 JavaThread "SCR Component Registry"     daemon [_thread_blocked, id=40900, stack(0x000000a46aa00000,0x000000a46ab00000) (1024K)]
=>0x0000027916cae6b0 JavaThread "C2 CompilerThread1"         daemon [_thread_in_native, id=39944, stack(0x000000a46b300000,0x000000a46b400000) (1024K)]
  0x00000279171688f0 JavaThread "Worker-JM"                         [_thread_blocked, id=40704, stack(0x000000a46b600000,0x000000a46b700000) (1024K)]
Total: 22

Other Threads:
  0x00000278b745ea70 VMThread "VM Thread"                           [id=40068, stack(0x000000a469500000,0x000000a469600000) (1024K)]
  0x00000278cd92ca00 WatcherThread "VM Periodic Task Thread"        [id=40064, stack(0x000000a469400000,0x000000a469500000) (1024K)]
  0x00000278b8ecf850 WorkerThread "GC Thread#0"                     [id=40060, stack(0x000000a469300000,0x000000a469400000) (1024K)]
  0x00000279167adc40 WorkerThread "GC Thread#1"                     [id=40444, stack(0x000000a46a400000,0x000000a46a500000) (1024K)]
  0x0000027916643690 WorkerThread "GC Thread#2"                     [id=40452, stack(0x000000a46a500000,0x000000a46a600000) (1024K)]
  0x00000279167adfe0 WorkerThread "GC Thread#3"                     [id=40456, stack(0x000000a46a600000,0x000000a46a700000) (1024K)]
  0x00000279162c4080 WorkerThread "GC Thread#4"                     [id=40460, stack(0x000000a46a700000,0x000000a46a800000) (1024K)]
  0x00000279162c4420 WorkerThread "GC Thread#5"                     [id=40464, stack(0x000000a46a800000,0x000000a46a900000) (1024K)]
  0x000002791698a010 WorkerThread "GC Thread#6"                     [id=40468, stack(0x000000a46a900000,0x000000a46aa00000) (1024K)]
  0x0000027916cba4f0 WorkerThread "GC Thread#7"                     [id=40716, stack(0x000000a46ac00000,0x000000a46ad00000) (1024K)]
  0x0000027916ffc6c0 WorkerThread "GC Thread#8"                     [id=9640, stack(0x000000a46b000000,0x000000a46b100000) (1024K)]
  0x00000279172b0830 WorkerThread "GC Thread#9"                     [id=38076, stack(0x000000a46b100000,0x000000a46b200000) (1024K)]
  0x00000279172b0bd0 WorkerThread "GC Thread#10"                    [id=39716, stack(0x000000a46b200000,0x000000a46b300000) (1024K)]
  0x00000279172af270 WorkerThread "GC Thread#11"                    [id=39892, stack(0x000000a46b400000,0x000000a46b500000) (1024K)]
  0x00000279172b00f0 WorkerThread "GC Thread#12"                    [id=39888, stack(0x000000a46b500000,0x000000a46b600000) (1024K)]
Total: 15

Threads with active compile tasks:
C2 CompilerThread0  5180 3324       4       jdk.internal.org.objectweb.asm.Frame::execute (2305 bytes)
C2 CompilerThread1  5180 3310       4       lombok.patcher.MethodTarget::typeMatches (14 bytes)
Total: 2

VM state: not at safepoint (normal execution)

VM Mutex/Monitor currently owned by a thread: None

Heap address: 0x00000000c0000000, size: 1024 MB, Compressed Oops mode: 32-bit

CDS archive(s) mapped at: [0x00000278ce000000-0x00000278ceba0000-0x00000278ceba0000), size 12189696, SharedBaseAddress: 0x00000278ce000000, ArchiveRelocationMode: 1.
Compressed class space mapped at: 0x00000278cf000000-0x000002790f000000, reserved size: 1073741824
Narrow klass base: 0x00000278ce000000, Narrow klass shift: 0, Narrow klass range: 0x100000000

GC Precious Log:
 CardTable entry size: 512
 CPUs: 20 total, 20 available
 Memory: 16077M
 Large Page Support: Disabled
 NUMA Support: Disabled
 Compressed Oops: Enabled (32-bit)
 Alignments: Space 512K, Generation 512K, Heap 2M
 Heap Min Capacity: 100M
 Heap Initial Capacity: 100M
 Heap Max Capacity: 1G
 Pre-touch: Disabled
 Parallel Workers: 15

Heap:
 PSYoungGen      total 29696K, used 21695K [0x00000000eab00000, 0x00000000ecc00000, 0x0000000100000000)
  eden space 25600K, 68% used [0x00000000eab00000,0x00000000ebc31168,0x00000000ec400000)
  from space 4096K, 99% used [0x00000000ec800000,0x00000000ecbfee60,0x00000000ecc00000)
  to   space 4096K, 0% used [0x00000000ec400000,0x00000000ec400000,0x00000000ec800000)
 ParOldGen       total 68608K, used 6952K [0x00000000c0000000, 0x00000000c4300000, 0x00000000eab00000)
  object space 68608K, 10% used [0x00000000c0000000,0x00000000c06ca170,0x00000000c4300000)
 Metaspace       used 14701K, committed 15232K, reserved 1114112K
  class space    used 1431K, committed 1664K, reserved 1048576K

Card table byte_map: [0x00000278cb2e0000,0x00000278cb4f0000] _byte_map_base: 0x00000278cace0000

Marking Bits: (ParMarkBitMap*) 0x00007ffa0db73260
 Begin Bits: [0x00000278cb650000, 0x00000278cc650000)
 End Bits:   [0x00000278cc650000, 0x00000278cd650000)

Polling page: 0x00000278b7310000

Metaspace:

Usage:
  Non-class:     12.96 MB used.
      Class:      1.40 MB used.
       Both:     14.36 MB used.

Virtual space:
  Non-class space:       64.00 MB reserved,      13.25 MB ( 21%) committed,  1 nodes.
      Class space:        1.00 GB reserved,       1.62 MB ( <1%) committed,  1 nodes.
             Both:        1.06 GB reserved,      14.88 MB (  1%) committed. 

Chunk freelists:
   Non-Class:  2.31 MB
       Class:  14.38 MB
        Both:  16.69 MB

MaxMetaspaceSize: unlimited
CompressedClassSpaceSize: 1.00 GB
Initial GC threshold: 21.00 MB
Current GC threshold: 21.00 MB
CDS: on
 - commit_granule_bytes: 65536.
 - commit_granule_words: 8192.
 - virtual_space_node_default_size: 8388608.
 - enlarge_chunks_in_place: 1.
 - use_allocation_guard: 0.


Internal statistics:

num_allocs_failed_limit: 0.
num_arena_births: 406.
num_arena_deaths: 0.
num_vsnodes_births: 2.
num_vsnodes_deaths: 0.
num_space_committed: 238.
num_space_uncommitted: 0.
num_chunks_returned_to_freelist: 0.
num_chunks_taken_from_freelist: 902.
num_chunk_merges: 0.
num_chunk_splits: 568.
num_chunks_enlarged: 362.
num_inconsistent_stats: 0.

CodeHeap 'non-profiled nmethods': size=119168Kb used=1341Kb max_used=1341Kb free=117826Kb
 bounds [0x00000278c3ca0000, 0x00000278c3f10000, 0x00000278cb100000]
CodeHeap 'profiled nmethods': size=119104Kb used=6932Kb max_used=6932Kb free=112171Kb
 bounds [0x00000278bc100000, 0x00000278bc7d0000, 0x00000278c3550000]
CodeHeap 'non-nmethods': size=7488Kb used=2377Kb max_used=2395Kb free=5110Kb
 bounds [0x00000278c3550000, 0x00000278c37c0000, 0x00000278c3ca0000]
 total_blobs=3858 nmethods=3335 adapters=427
 compilation: enabled
              stopped_count=0, restarted_count=0
 full_count=0

Compilation events (20 events):
Event: 5.104 Thread 0x00000279102ac3b0 nmethod 3304 0x00000278c3ded990 code [0x00000278c3dedb20, 0x00000278c3dedbe8]
Event: 5.114 Thread 0x00000279102ac3b0 3305   !   3       java.util.concurrent.ConcurrentHashMap::initTable (112 bytes)
Event: 5.115 Thread 0x00000279102ac3b0 nmethod 3305 0x00000278bc7b2490 code [0x00000278bc7b26a0, 0x00000278bc7b2ef0]
Event: 5.124 Thread 0x00000279102ac3b0 3306       3       java.io.WinNTFileSystem::normalize (224 bytes)
Event: 5.125 Thread 0x000002790ffcada0 3307       3       java.util.regex.Pattern$$Lambda/0x800000031::is (9 bytes)
Event: 5.125 Thread 0x0000027910092350 3308       3       java.util.regex.Pattern::lambda$negate$7 (16 bytes)
Event: 5.125 Thread 0x0000027910092350 nmethod 3308 0x00000278bc7b3190 code [0x00000278bc7b3340, 0x00000278bc7b3548]
Event: 5.125 Thread 0x000002790ffcada0 nmethod 3307 0x00000278bc7b3610 code [0x00000278bc7b37c0, 0x00000278bc7b3a40]
Event: 5.126 Thread 0x00000279102ac3b0 nmethod 3306 0x00000278bc7b3b10 code [0x00000278bc7b3f00, 0x00000278bc7b5938]
Event: 5.128 Thread 0x00000279102ac3b0 3309       3       lombok.patcher.PatchScript::classMatches (41 bytes)
Event: 5.129 Thread 0x0000027916cae6b0 3310       4       lombok.patcher.MethodTarget::typeMatches (14 bytes)
Event: 5.129 Thread 0x00000279102ac3b0 nmethod 3309 0x00000278bc7b6390 code [0x00000278bc7b65c0, 0x00000278bc7b6c28]
Event: 5.129 Thread 0x000002790ffcada0 3311       3       java.lang.invoke.InvokerBytecodeGenerator::lookupPregenerated (294 bytes)
Event: 5.131 Thread 0x000002790ffcada0 nmethod 3311 0x00000278bc7b6e90 code [0x00000278bc7b7220, 0x00000278bc7b8688]
Event: 5.135 Thread 0x0000027910092350 3312       3       java.lang.invoke.ClassSpecializer$SpeciesData::fieldCount (10 bytes)
Event: 5.136 Thread 0x0000027910092350 nmethod 3312 0x00000278bc7b8d10 code [0x00000278bc7b8ec0, 0x00000278bc7b9098]
Event: 5.136 Thread 0x00000279102ac3b0 3313       3       java.lang.invoke.LambdaFormBuffer::indexOf (33 bytes)
Event: 5.136 Thread 0x00000279102ac3b0 nmethod 3313 0x00000278bc7b9190 code [0x00000278bc7b9360, 0x00000278bc7b9710]
Event: 5.140 Thread 0x00000279102ac3b0 3318       3       jdk.internal.org.objectweb.asm.FieldWriter::visitEnd (1 bytes)
Event: 5.140 Thread 0x00000279102ac3b0 nmethod 3318 0x00000278bc7b9810 code [0x00000278bc7b99a0, 0x00000278bc7b9aa8]

GC Heap History (8 events):
Event: 1.275 GC heap before
{Heap before GC invocations=1 (full 0):
 PSYoungGen      total 29696K, used 25600K [0x00000000eab00000, 0x00000000ecc00000, 0x0000000100000000)
  eden space 25600K, 100% used [0x00000000eab00000,0x00000000ec400000,0x00000000ec400000)
  from space 4096K, 0% used [0x00000000ec800000,0x00000000ec800000,0x00000000ecc00000)
  to   space 4096K, 0% used [0x00000000ec400000,0x00000000ec400000,0x00000000ec800000)
 ParOldGen       total 68608K, used 0K [0x00000000c0000000, 0x00000000c4300000, 0x00000000eab00000)
  object space 68608K, 0% used [0x00000000c0000000,0x00000000c0000000,0x00000000c4300000)
 Metaspace       used 4068K, committed 4224K, reserved 1114112K
  class space    used 402K, committed 448K, reserved 1048576K
}
Event: 1.286 GC heap after
{Heap after GC invocations=1 (full 0):
 PSYoungGen      total 29696K, used 3326K [0x00000000eab00000, 0x00000000ecc00000, 0x0000000100000000)
  eden space 25600K, 0% used [0x00000000eab00000,0x00000000eab00000,0x00000000ec400000)
  from space 4096K, 81% used [0x00000000ec400000,0x00000000ec73f800,0x00000000ec800000)
  to   space 4096K, 0% used [0x00000000ec800000,0x00000000ec800000,0x00000000ecc00000)
 ParOldGen       total 68608K, used 8K [0x00000000c0000000, 0x00000000c4300000, 0x00000000eab00000)
  object space 68608K, 0% used [0x00000000c0000000,0x00000000c0002000,0x00000000c4300000)
 Metaspace       used 4068K, committed 4224K, reserved 1114112K
  class space    used 402K, committed 448K, reserved 1048576K
}
Event: 2.309 GC heap before
{Heap before GC invocations=2 (full 0):
 PSYoungGen      total 29696K, used 28926K [0x00000000eab00000, 0x00000000ecc00000, 0x0000000100000000)
  eden space 25600K, 100% used [0x00000000eab00000,0x00000000ec400000,0x00000000ec400000)
  from space 4096K, 81% used [0x00000000ec400000,0x00000000ec73f800,0x00000000ec800000)
  to   space 4096K, 0% used [0x00000000ec800000,0x00000000ec800000,0x00000000ecc00000)
 ParOldGen       total 68608K, used 8K [0x00000000c0000000, 0x00000000c4300000, 0x00000000eab00000)
  object space 68608K, 0% used [0x00000000c0000000,0x00000000c0002000,0x00000000c4300000)
 Metaspace       used 7817K, committed 8128K, reserved 1114112K
  class space    used 755K, committed 896K, reserved 1048576K
}
Event: 2.317 GC heap after
{Heap after GC invocations=2 (full 0):
 PSYoungGen      total 29696K, used 4076K [0x00000000eab00000, 0x00000000ecc00000, 0x0000000100000000)
  eden space 25600K, 0% used [0x00000000eab00000,0x00000000eab00000,0x00000000ec400000)
  from space 4096K, 99% used [0x00000000ec800000,0x00000000ecbfb178,0x00000000ecc00000)
  to   space 4096K, 0% used [0x00000000ec400000,0x00000000ec400000,0x00000000ec800000)
 ParOldGen       total 68608K, used 1766K [0x00000000c0000000, 0x00000000c4300000, 0x00000000eab00000)
  object space 68608K, 2% used [0x00000000c0000000,0x00000000c01b9a28,0x00000000c4300000)
 Metaspace       used 7817K, committed 8128K, reserved 1114112K
  class space    used 755K, committed 896K, reserved 1048576K
}
Event: 3.518 GC heap before
{Heap before GC invocations=3 (full 0):
 PSYoungGen      total 29696K, used 29676K [0x00000000eab00000, 0x00000000ecc00000, 0x0000000100000000)
  eden space 25600K, 100% used [0x00000000eab00000,0x00000000ec400000,0x00000000ec400000)
  from space 4096K, 99% used [0x00000000ec800000,0x00000000ecbfb178,0x00000000ecc00000)
  to   space 4096K, 0% used [0x00000000ec400000,0x00000000ec400000,0x00000000ec800000)
 ParOldGen       total 68608K, used 1766K [0x00000000c0000000, 0x00000000c4300000, 0x00000000eab00000)
  object space 68608K, 2% used [0x00000000c0000000,0x00000000c01b9a28,0x00000000c4300000)
 Metaspace       used 9210K, committed 9600K, reserved 1114112K
  class space    used 919K, committed 1088K, reserved 1048576K
}
Event: 3.527 GC heap after
{Heap after GC invocations=3 (full 0):
 PSYoungGen      total 29696K, used 4070K [0x00000000eab00000, 0x00000000ecc00000, 0x0000000100000000)
  eden space 25600K, 0% used [0x00000000eab00000,0x00000000eab00000,0x00000000ec400000)
  from space 4096K, 99% used [0x00000000ec400000,0x00000000ec7f9918,0x00000000ec800000)
  to   space 4096K, 0% used [0x00000000ec800000,0x00000000ec800000,0x00000000ecc00000)
 ParOldGen       total 68608K, used 5751K [0x00000000c0000000, 0x00000000c4300000, 0x00000000eab00000)
  object space 68608K, 8% used [0x00000000c0000000,0x00000000c059dc88,0x00000000c4300000)
 Metaspace       used 9210K, committed 9600K, reserved 1114112K
  class space    used 919K, committed 1088K, reserved 1048576K
}
Event: 4.664 GC heap before
{Heap before GC invocations=4 (full 0):
 PSYoungGen      total 29696K, used 29670K [0x00000000eab00000, 0x00000000ecc00000, 0x0000000100000000)
  eden space 25600K, 100% used [0x00000000eab00000,0x00000000ec400000,0x00000000ec400000)
  from space 4096K, 99% used [0x00000000ec400000,0x00000000ec7f9918,0x00000000ec800000)
  to   space 4096K, 0% used [0x00000000ec800000,0x00000000ec800000,0x00000000ecc00000)
 ParOldGen       total 68608K, used 5751K [0x00000000c0000000, 0x00000000c4300000, 0x00000000eab00000)
  object space 68608K, 8% used [0x00000000c0000000,0x00000000c059dc88,0x00000000c4300000)
 Metaspace       used 12278K, committed 12736K, reserved 1114112K
  class space    used 1202K, committed 1408K, reserved 1048576K
}
Event: 4.672 GC heap after
{Heap after GC invocations=4 (full 0):
 PSYoungGen      total 29696K, used 4091K [0x00000000eab00000, 0x00000000ecc00000, 0x0000000100000000)
  eden space 25600K, 0% used [0x00000000eab00000,0x00000000eab00000,0x00000000ec400000)
  from space 4096K, 99% used [0x00000000ec800000,0x00000000ecbfee60,0x00000000ecc00000)
  to   space 4096K, 0% used [0x00000000ec400000,0x00000000ec400000,0x00000000ec800000)
 ParOldGen       total 68608K, used 6952K [0x00000000c0000000, 0x00000000c4300000, 0x00000000eab00000)
  object space 68608K, 10% used [0x00000000c0000000,0x00000000c06ca170,0x00000000c4300000)
 Metaspace       used 12278K, committed 12736K, reserved 1114112K
  class space    used 1202K, committed 1408K, reserved 1048576K
}

Dll operation events (9 events):
Event: 0.015 Loaded shared library c:\Users\Administrator\.cursor\extensions\redhat.java-1.40.0-win32-x64\jre\21.0.6-win32-x86_64\bin\java.dll
Event: 0.054 Loaded shared library c:\Users\Administrator\.cursor\extensions\redhat.java-1.40.0-win32-x64\jre\21.0.6-win32-x86_64\bin\zip.dll
Event: 0.152 Loaded shared library C:\Users\Administrator\.cursor\extensions\redhat.java-1.40.0-win32-x64\jre\21.0.6-win32-x86_64\bin\instrument.dll
Event: 0.158 Loaded shared library C:\Users\Administrator\.cursor\extensions\redhat.java-1.40.0-win32-x64\jre\21.0.6-win32-x86_64\bin\net.dll
Event: 0.164 Loaded shared library C:\Users\Administrator\.cursor\extensions\redhat.java-1.40.0-win32-x64\jre\21.0.6-win32-x86_64\bin\nio.dll
Event: 0.168 Loaded shared library C:\Users\Administrator\.cursor\extensions\redhat.java-1.40.0-win32-x64\jre\21.0.6-win32-x86_64\bin\zip.dll
Event: 0.193 Loaded shared library C:\Users\Administrator\.cursor\extensions\redhat.java-1.40.0-win32-x64\jre\21.0.6-win32-x86_64\bin\jimage.dll
Event: 0.316 Loaded shared library c:\Users\Administrator\.cursor\extensions\redhat.java-1.40.0-win32-x64\jre\21.0.6-win32-x86_64\bin\verify.dll
Event: 2.303 Loaded shared library C:\Users\Administrator\AppData\Roaming\Cursor\User\globalStorage\redhat.java\1.40.0\config_win\org.eclipse.equinox.launcher\org.eclipse.equinox.launcher.win32.win32.x86_64_1.2.1200.v20250212-0927\eclipse_11909.dll

Deoptimization events (20 events):
Event: 4.696 Thread 0x000002790ffc5240 Uncommon trap: trap_request=0xffffffcc fr.pc=0x00000278c3dc6d44 relative=0x0000000000000204
Event: 4.696 Thread 0x000002790ffc5240 Uncommon trap: reason=intrinsic_or_type_checked_inlining action=make_not_entrant pc=0x00000278c3dc6d44 method=java.util.Arrays.copyOf([Ljava/lang/Object;ILjava/lang/Class;)[Ljava/lang/Object; @ 35 c2
Event: 4.696 Thread 0x000002790ffc5240 DEOPT PACKING pc=0x00000278c3dc6d44 sp=0x000000a46aefbb60
Event: 4.696 Thread 0x000002790ffc5240 DEOPT UNPACKING pc=0x00000278c35a3aa2 sp=0x000000a46aefbaf0 mode 2
Event: 4.757 Thread 0x000002790ffc5240 Uncommon trap: trap_request=0xffffff45 fr.pc=0x00000278c3db4490 relative=0x0000000000000070
Event: 4.757 Thread 0x000002790ffc5240 Uncommon trap: reason=unstable_if action=reinterpret pc=0x00000278c3db4490 method=java.lang.ref.ReferenceQueue.poll()Ljava/lang/ref/Reference; @ 4 c2
Event: 4.757 Thread 0x000002790ffc5240 DEOPT PACKING pc=0x00000278c3db4490 sp=0x000000a46aefd280
Event: 4.757 Thread 0x000002790ffc5240 DEOPT UNPACKING pc=0x00000278c35a3aa2 sp=0x000000a46aefd208 mode 2
Event: 4.763 Thread 0x000002790ffc5240 Uncommon trap: trap_request=0xffffff45 fr.pc=0x00000278c3dcc528 relative=0x0000000000000428
Event: 4.763 Thread 0x000002790ffc5240 Uncommon trap: reason=unstable_if action=reinterpret pc=0x00000278c3dcc528 method=com.sun.org.apache.xerces.internal.impl.XMLEntityScanner.scanLiteral(ILcom/sun/org/apache/xerces/internal/xni/XMLString;Z)I @ 299 c2
Event: 4.763 Thread 0x000002790ffc5240 DEOPT PACKING pc=0x00000278c3dcc528 sp=0x000000a46aefd820
Event: 4.763 Thread 0x000002790ffc5240 DEOPT UNPACKING pc=0x00000278c35a3aa2 sp=0x000000a46aefd7b0 mode 2
Event: 5.110 Thread 0x000002790ffc5240 Uncommon trap: trap_request=0xffffff45 fr.pc=0x00000278c3cf44cc relative=0x0000000000000f0c
Event: 5.110 Thread 0x000002790ffc5240 Uncommon trap: reason=unstable_if action=reinterpret pc=0x00000278c3cf44cc method=lombok.patcher.PatchScript.classMatches(Ljava/lang/String;Ljava/util/Collection;)Z @ 25 c2
Event: 5.111 Thread 0x000002790ffc5240 DEOPT PACKING pc=0x00000278c3cf44cc sp=0x000000a46aef6cc0
Event: 5.111 Thread 0x000002790ffc5240 DEOPT UNPACKING pc=0x00000278c35a3aa2 sp=0x000000a46aef6c80 mode 2
Event: 5.125 Thread 0x000002790ffc5240 Uncommon trap: trap_request=0xffffff45 fr.pc=0x00000278c3d6bbd8 relative=0x00000000000003d8
Event: 5.125 Thread 0x000002790ffc5240 Uncommon trap: reason=unstable_if action=reinterpret pc=0x00000278c3d6bbd8 method=java.util.regex.Pattern$BmpCharPropertyGreedy.match(Ljava/util/regex/Matcher;ILjava/lang/CharSequence;)Z @ 73 c2
Event: 5.125 Thread 0x000002790ffc5240 DEOPT PACKING pc=0x00000278c3d6bbd8 sp=0x000000a46aef5d00
Event: 5.125 Thread 0x000002790ffc5240 DEOPT UNPACKING pc=0x00000278c35a3aa2 sp=0x000000a46aef5cc0 mode 2

Classes loaded (20 events):
Event: 5.010 Loading class java/net/URISyntaxException
Event: 5.011 Loading class java/net/URISyntaxException done
Event: 5.064 Loading class java/lang/AbstractMethodError
Event: 5.064 Loading class java/lang/AbstractMethodError done
Event: 5.131 Loading class java/lang/foreign/ValueLayout
Event: 5.131 Loading class java/lang/foreign/MemoryLayout
Event: 5.132 Loading class java/lang/foreign/MemoryLayout done
Event: 5.132 Loading class java/lang/foreign/ValueLayout done
Event: 5.132 Loading class java/io/ObjectInputStream
Event: 5.132 Loading class java/io/ObjectInput
Event: 5.132 Loading class java/io/ObjectInput done
Event: 5.132 Loading class java/io/ObjectStreamConstants
Event: 5.133 Loading class java/io/ObjectStreamConstants done
Event: 5.133 Loading class java/io/ObjectInputStream done
Event: 5.133 Loading class java/io/ObjectOutputStream
Event: 5.133 Loading class java/io/ObjectOutput
Event: 5.133 Loading class java/io/ObjectOutput done
Event: 5.133 Loading class java/io/ObjectOutputStream done
Event: 5.133 Loading class java/lang/constant/ClassDesc
Event: 5.134 Loading class java/lang/constant/ClassDesc done

Classes unloaded (0 events):
No events

Classes redefined (0 events):
No events

Internal exceptions (20 events):
Event: 1.479 Thread 0x00000278b8eb94f0 Exception <a 'java/lang/IncompatibleClassChangeError'{0x00000000eaf04cf0}: Found class java.lang.Object, but interface was expected> (0x00000000eaf04cf0) 
thrown [s\src\hotspot\share\interpreter\linkResolver.cpp, line 840]
Event: 1.481 Thread 0x00000278b8eb94f0 Exception <a 'java/lang/NoSuchMethodError'{0x00000000eaf08ea8}: 'void java.lang.invoke.DirectMethodHandle$Holder.invokeStatic(java.lang.Object, java.lang.Object)'> (0x00000000eaf08ea8) 
thrown [s\src\hotspot\share\interpreter\linkResolver.cpp, line 773]
Event: 1.481 Thread 0x00000278b8eb94f0 Exception <a 'java/lang/NoSuchMethodError'{0x00000000eaf0c250}: 'void java.lang.invoke.DirectMethodHandle$Holder.invokeStaticInit(java.lang.Object, java.lang.Object)'> (0x00000000eaf0c250) 
thrown [s\src\hotspot\share\interpreter\linkResolver.cpp, line 773]
Event: 1.482 Thread 0x00000278b8eb94f0 Exception <a 'java/lang/NoSuchMethodError'{0x00000000eaf13270}: 'int java.lang.invoke.DirectMethodHandle$Holder.invokeStaticInit(java.lang.Object, java.lang.Object)'> (0x00000000eaf13270) 
thrown [s\src\hotspot\share\interpreter\linkResolver.cpp, line 773]
Event: 1.556 Thread 0x00000278b8eb94f0 Exception <a 'java/lang/NoSuchMethodError'{0x00000000eb075340}: 'void java.lang.invoke.DirectMethodHandle$Holder.invokeSpecial(java.lang.Object, java.lang.Object, java.lang.Object)'> (0x00000000eb075340) 
thrown [s\src\hotspot\share\interpreter\linkResolver.cpp, line 773]
Event: 1.833 Thread 0x00000278b8eb94f0 Exception <a 'java/lang/NoSuchMethodError'{0x00000000eba5e608}: 'int java.lang.invoke.DirectMethodHandle$Holder.invokeVirtual(java.lang.Object, java.lang.Object)'> (0x00000000eba5e608) 
thrown [s\src\hotspot\share\interpreter\linkResolver.cpp, line 773]
Event: 2.072 Thread 0x00000278b8eb94f0 Exception <a 'java/lang/NoSuchMethodError'{0x00000000ebd90cb8}: 'java.lang.Object java.lang.invoke.DirectMethodHandle$Holder.newInvokeSpecial(java.lang.Object, int, java.lang.Object)'> (0x00000000ebd90cb8) 
thrown [s\src\hotspot\share\interpreter\linkResolver.cpp, line 773]
Event: 2.108 Thread 0x00000278b8eb94f0 Exception <a 'java/lang/NoSuchMethodError'{0x00000000ebf22d68}: 'java.lang.Object java.lang.invoke.DirectMethodHandle$Holder.newInvokeSpecial(java.lang.Object, java.lang.Object, java.lang.Object, java.lang.Object, int, java.lang.Object)'> (0x00000000ebf22d68) 
thrown [s\src\hotspot\share\interpreter\linkResolver.cpp, line 773]
Event: 2.280 Thread 0x00000278b8eb94f0 Exception <a 'java/lang/UnsatisfiedLinkError'{0x00000000ec3ceda8}: 'void org.eclipse.equinox.launcher.JNIBridge._update_splash()'> (0x00000000ec3ceda8) 
thrown [s\src\hotspot\share\prims\nativeLookup.cpp, line 415]
Event: 2.623 Thread 0x000002790ffc5240 Exception <a 'java/lang/NoSuchMethodError'{0x00000000eb1a3008}: 'java.lang.Object java.lang.invoke.DirectMethodHandle$Holder.newInvokeSpecial(java.lang.Object, java.lang.Object, int, java.lang.Object)'> (0x00000000eb1a3008) 
thrown [s\src\hotspot\share\interpreter\linkResolver.cpp, line 773]
Event: 2.722 Thread 0x000002790ffc5240 Exception <a 'java/lang/ClassNotFoundException'{0x00000000eb3bdcb0}: sun/util/logging/resources/spi/loggingProvider> (0x00000000eb3bdcb0) 
thrown [s\src\hotspot\share\classfile\systemDictionary.cpp, line 312]
Event: 4.078 Thread 0x000002790ffc5240 Exception <a 'java/lang/NullPointerException'{0x00000000eb3a1e48}> (0x00000000eb3a1e48) 
thrown [s\src\hotspot\share\interpreter\linkResolver.cpp, line 1372]
Event: 4.078 Thread 0x000002790ffc5240 Exception <a 'java/lang/NullPointerException'{0x00000000eb3a2128}> (0x00000000eb3a2128) 
thrown [s\src\hotspot\share\interpreter\linkResolver.cpp, line 1372]
Event: 4.418 Thread 0x000002790ffc5240 Exception <a 'java/lang/NoSuchMethodError'{0x00000000ebd82c10}: 'void java.lang.invoke.Invokers$Holder.invokeExact_MT(java.lang.Object, java.lang.Object, java.lang.Object)'> (0x00000000ebd82c10) 
thrown [s\src\hotspot\share\interpreter\linkResolver.cpp, line 773]
Event: 4.726 Thread 0x000002790ffc5240 Exception <a 'java/io/FileNotFoundException'{0x00000000ead99e20}> (0x00000000ead99e20) 
thrown [s\src\hotspot\share\prims\jni.cpp, line 520]
Event: 4.935 Thread 0x000002790ffc5240 Exception <a 'java/lang/NoSuchMethodError'{0x00000000eb261168}: 'java.lang.Object java.lang.invoke.Invokers$Holder.linkToTargetMethod(java.lang.Object, long, java.lang.Object)'> (0x00000000eb261168) 
thrown [s\src\hotspot\share\interpreter\linkResolver.cpp, line 773]
Event: 4.997 Thread 0x000002790ffc5240 Exception <a 'java/lang/NoSuchMethodError'{0x00000000eb573dc8}: 'void java.lang.invoke.DirectMethodHandle$Holder.invokeInterface(java.lang.Object, java.lang.Object, java.lang.Object)'> (0x00000000eb573dc8) 
thrown [s\src\hotspot\share\interpreter\linkResolver.cpp, line 773]
Event: 5.137 Thread 0x000002790ffc5240 Exception <a 'java/lang/NoSuchMethodError'{0x00000000eba57998}: 'java.lang.Object java.lang.invoke.DirectMethodHandle$Holder.invokeVirtual(java.lang.Object, java.lang.Object, java.lang.Object)'> (0x00000000eba57998) 
thrown [s\src\hotspot\share\interpreter\linkResolver.cpp, line 773]
Event: 5.140 Thread 0x000002790ffc5240 Exception <a 'java/lang/NoSuchMethodError'{0x00000000eba6cb90}: 'java.lang.Object java.lang.invoke.DelegatingMethodHandle$Holder.reinvoke_L(java.lang.Object, java.lang.Object, java.lang.Object, java.lang.Object, int, int)'> (0x00000000eba6cb90) 
thrown [s\src\hotspot\share\interpreter\linkResolver.cpp, line 773]
Event: 5.142 Thread 0x000002790ffc5240 Exception <a 'java/lang/NoSuchMethodError'{0x00000000eba89910}: 'java.lang.Object java.lang.invoke.DirectMethodHandle$Holder.newInvokeSpecial(java.lang.Object, java.lang.Object, java.lang.Object, java.lang.Object, java.lang.Object, java.lang.Object)'> (0x00000000eba89910) 
thrown [s\src\hotspot\share\interpreter\linkResolver.cpp, line 773]

ZGC Phase Switch (0 events):
No events

VM Operations (20 events):
Event: 2.308 Executing VM operation: ParallelGCFailedAllocation (Allocation Failure)
Event: 2.317 Executing VM operation: ParallelGCFailedAllocation (Allocation Failure) done
Event: 2.497 Executing VM operation: HandshakeAllThreads (Deoptimize)
Event: 2.497 Executing VM operation: HandshakeAllThreads (Deoptimize) done
Event: 2.689 Executing VM operation: HandshakeAllThreads (Deoptimize)
Event: 2.689 Executing VM operation: HandshakeAllThreads (Deoptimize) done
Event: 2.737 Executing VM operation: HandshakeAllThreads (Deoptimize)
Event: 2.737 Executing VM operation: HandshakeAllThreads (Deoptimize) done
Event: 2.769 Executing VM operation: HandshakeAllThreads (Deoptimize)
Event: 2.769 Executing VM operation: HandshakeAllThreads (Deoptimize) done
Event: 2.824 Executing VM operation: HandshakeAllThreads (Deoptimize)
Event: 2.824 Executing VM operation: HandshakeAllThreads (Deoptimize) done
Event: 3.518 Executing VM operation: ParallelGCFailedAllocation (Allocation Failure)
Event: 3.527 Executing VM operation: ParallelGCFailedAllocation (Allocation Failure) done
Event: 4.071 Executing VM operation: HandshakeAllThreads (Deoptimize)
Event: 4.071 Executing VM operation: HandshakeAllThreads (Deoptimize) done
Event: 4.280 Executing VM operation: HandshakeAllThreads (Deoptimize)
Event: 4.280 Executing VM operation: HandshakeAllThreads (Deoptimize) done
Event: 4.664 Executing VM operation: ParallelGCFailedAllocation (Allocation Failure)
Event: 4.672 Executing VM operation: ParallelGCFailedAllocation (Allocation Failure) done

Memory protections (0 events):
No events

Nmethod flushes (0 events):
No events

Events (20 events):
Event: 0.892 Thread 0x000002791606c7e0 Thread added: 0x000002791606ce80
Event: 1.476 Thread 0x000002791606c7e0 Thread exited: 0x000002791606c7e0
Event: 1.476 Thread 0x000002791606ce80 Thread exited: 0x000002791606ce80
Event: 1.615 Thread 0x0000027910092350 Thread added: 0x0000027916893d80
Event: 1.974 Thread 0x00000278b8eb94f0 Thread added: 0x000002790ffc5f60
Event: 2.276 Thread 0x00000279102ac3b0 Thread added: 0x00000279169d6d80
Event: 2.277 Thread 0x00000278b8eb94f0 Thread added: 0x000002790ffc3e90
Event: 2.373 Thread 0x000002790ffc3e90 Thread added: 0x000002790ffc3170
Event: 2.394 Thread 0x00000278b8eb94f0 Thread added: 0x000002790ffc5240
Event: 2.404 Thread 0x00000279169d6d80 Thread exited: 0x00000279169d6d80
Event: 2.612 Thread 0x0000027916893d80 Thread exited: 0x0000027916893d80
Event: 2.834 Thread 0x000002790ffc9520 Thread added: 0x0000027916b07260
Event: 2.834 Thread 0x000002790ffc9520 Thread added: 0x0000027916b07900
Event: 3.374 Thread 0x000002790ffc5240 Thread added: 0x000002790ffc3800
Event: 3.609 Thread 0x0000027916b07900 Thread exited: 0x0000027916b07900
Event: 3.633 Thread 0x0000027916b07260 Thread exited: 0x0000027916b07260
Event: 4.004 Thread 0x000002790ffc5240 Thread added: 0x0000027917169610
Event: 4.252 Thread 0x000002790ffc5240 Thread added: 0x0000027917168260
Event: 4.578 Thread 0x0000027910092350 Thread added: 0x0000027916cae6b0
Event: 5.008 Thread 0x000002790ffc5240 Thread added: 0x00000279171688f0


Dynamic libraries:
0x00007ff79a790000 - 0x00007ff79a79e000 	c:\Users\Administrator\.cursor\extensions\redhat.java-1.40.0-win32-x64\jre\21.0.6-win32-x86_64\bin\java.exe
0x00007ffb15b60000 - 0x00007ffb15dc3000 	C:\WINDOWS\SYSTEM32\ntdll.dll
0x00007ffb13a60000 - 0x00007ffb13b27000 	C:\WINDOWS\System32\KERNEL32.DLL
0x00007ffb135b0000 - 0x00007ffb13979000 	C:\WINDOWS\System32\KERNELBASE.dll
0x00007ffb0cc70000 - 0x00007ffb0cd0c000 	C:\WINDOWS\SYSTEM32\apphelp.dll
0x00007ffb12ea0000 - 0x00007ffb12fec000 	C:\WINDOWS\System32\ucrtbase.dll
0x00007ffaae460000 - 0x00007ffaae47e000 	c:\Users\Administrator\.cursor\extensions\redhat.java-1.40.0-win32-x64\jre\21.0.6-win32-x86_64\bin\VCRUNTIME140.dll
0x00007ffaae570000 - 0x00007ffaae588000 	c:\Users\Administrator\.cursor\extensions\redhat.java-1.40.0-win32-x64\jre\21.0.6-win32-x86_64\bin\jli.dll
0x00007ffb15950000 - 0x00007ffb15b1a000 	C:\WINDOWS\System32\USER32.dll
0x00007ffad7ba0000 - 0x00007ffad7e30000 	C:\WINDOWS\WinSxS\amd64_microsoft.windows.common-controls_6595b64144ccf1df_6.0.26100.3323_none_3e088096e3344490\COMCTL32.dll
0x00007ffb13370000 - 0x00007ffb13397000 	C:\WINDOWS\System32\win32u.dll
0x00007ffb13d90000 - 0x00007ffb13e39000 	C:\WINDOWS\System32\msvcrt.dll
0x00007ffb14030000 - 0x00007ffb1405a000 	C:\WINDOWS\System32\GDI32.dll
0x00007ffb12d60000 - 0x00007ffb12e91000 	C:\WINDOWS\System32\gdi32full.dll
0x00007ffb13080000 - 0x00007ffb13123000 	C:\WINDOWS\System32\msvcp_win.dll
0x00007ffb13f00000 - 0x00007ffb13f2f000 	C:\WINDOWS\System32\IMM32.DLL
0x00007ffacb070000 - 0x00007ffacb07c000 	c:\Users\Administrator\.cursor\extensions\redhat.java-1.40.0-win32-x64\jre\21.0.6-win32-x86_64\bin\vcruntime140_1.dll
0x00007ffa54f10000 - 0x00007ffa54f9d000 	c:\Users\Administrator\.cursor\extensions\redhat.java-1.40.0-win32-x64\jre\21.0.6-win32-x86_64\bin\msvcp140.dll
0x00007ffa0cec0000 - 0x00007ffa0dc50000 	c:\Users\Administrator\.cursor\extensions\redhat.java-1.40.0-win32-x64\jre\21.0.6-win32-x86_64\bin\server\jvm.dll
0x00007ffb13e40000 - 0x00007ffb13ef2000 	C:\WINDOWS\System32\ADVAPI32.dll
0x00007ffb142d0000 - 0x00007ffb14376000 	C:\WINDOWS\System32\sechost.dll
0x00007ffb14490000 - 0x00007ffb145a6000 	C:\WINDOWS\System32\RPCRT4.dll
0x00007ffb14a40000 - 0x00007ffb14ab4000 	C:\WINDOWS\System32\WS2_32.dll
0x00007ffb119f0000 - 0x00007ffb11a3e000 	C:\WINDOWS\SYSTEM32\POWRPROF.dll
0x00007ffb07bf0000 - 0x00007ffb07bfb000 	C:\WINDOWS\SYSTEM32\VERSION.dll
0x00007ffb0fa50000 - 0x00007ffb0fa86000 	C:\WINDOWS\SYSTEM32\WINMM.dll
0x00007ffb119d0000 - 0x00007ffb119e4000 	C:\WINDOWS\SYSTEM32\UMPDC.dll
0x00007ffb11c90000 - 0x00007ffb11caa000 	C:\WINDOWS\SYSTEM32\kernel.appcore.dll
0x00007ffacaf80000 - 0x00007ffacaf8a000 	c:\Users\Administrator\.cursor\extensions\redhat.java-1.40.0-win32-x64\jre\21.0.6-win32-x86_64\bin\jimage.dll
0x00007ffb0ff70000 - 0x00007ffb101b1000 	C:\WINDOWS\SYSTEM32\DBGHELP.DLL
0x00007ffb155c0000 - 0x00007ffb15942000 	C:\WINDOWS\System32\combase.dll
0x00007ffb14c20000 - 0x00007ffb14cf6000 	C:\WINDOWS\System32\OLEAUT32.dll
0x00007ffadb130000 - 0x00007ffadb169000 	C:\WINDOWS\SYSTEM32\dbgcore.DLL
0x00007ffb133a0000 - 0x00007ffb13439000 	C:\WINDOWS\System32\bcryptPrimitives.dll
0x00007ffaca970000 - 0x00007ffaca97f000 	c:\Users\Administrator\.cursor\extensions\redhat.java-1.40.0-win32-x64\jre\21.0.6-win32-x86_64\bin\instrument.dll
0x00007ffaacc40000 - 0x00007ffaacc5f000 	c:\Users\Administrator\.cursor\extensions\redhat.java-1.40.0-win32-x64\jre\21.0.6-win32-x86_64\bin\java.dll
0x00007ffb14de0000 - 0x00007ffb154f5000 	C:\WINDOWS\System32\SHELL32.dll
0x00007ffb13440000 - 0x00007ffb135a8000 	C:\WINDOWS\System32\wintypes.dll
0x00007ffb10a30000 - 0x00007ffb11275000 	C:\WINDOWS\SYSTEM32\windows.storage.dll
0x00007ffb13f40000 - 0x00007ffb1402b000 	C:\WINDOWS\System32\SHCORE.dll
0x00007ffb14d00000 - 0x00007ffb14d5d000 	C:\WINDOWS\System32\shlwapi.dll
0x00007ffb12c70000 - 0x00007ffb12c9f000 	C:\WINDOWS\SYSTEM32\profapi.dll
0x00007ffaa57d0000 - 0x00007ffaa57e8000 	c:\Users\Administrator\.cursor\extensions\redhat.java-1.40.0-win32-x64\jre\21.0.6-win32-x86_64\bin\zip.dll
0x00007ffac9830000 - 0x00007ffac9840000 	C:\Users\Administrator\.cursor\extensions\redhat.java-1.40.0-win32-x64\jre\21.0.6-win32-x86_64\bin\net.dll
0x00007ffb09790000 - 0x00007ffb098ae000 	C:\WINDOWS\SYSTEM32\WINHTTP.dll
0x00007ffb121b0000 - 0x00007ffb1221a000 	C:\WINDOWS\system32\mswsock.dll
0x00007ffaa31a0000 - 0x00007ffaa31b6000 	C:\Users\Administrator\.cursor\extensions\redhat.java-1.40.0-win32-x64\jre\21.0.6-win32-x86_64\bin\nio.dll
0x00007ffac7280000 - 0x00007ffac7290000 	c:\Users\Administrator\.cursor\extensions\redhat.java-1.40.0-win32-x64\jre\21.0.6-win32-x86_64\bin\verify.dll
0x00007ffa54900000 - 0x00007ffa54945000 	C:\Users\Administrator\AppData\Roaming\Cursor\User\globalStorage\redhat.java\1.40.0\config_win\org.eclipse.equinox.launcher\org.eclipse.equinox.launcher.win32.win32.x86_64_1.2.1200.v20250212-0927\eclipse_11909.dll
0x00007ffb14070000 - 0x00007ffb14205000 	C:\WINDOWS\System32\ole32.dll

dbghelp: loaded successfully - version: 4.0.5 - missing functions: none
symbol engine: initialized successfully - sym options: 0x614 - pdb path: .;c:\Users\Administrator\.cursor\extensions\redhat.java-1.40.0-win32-x64\jre\21.0.6-win32-x86_64\bin;C:\WINDOWS\SYSTEM32;C:\WINDOWS\WinSxS\amd64_microsoft.windows.common-controls_6595b64144ccf1df_6.0.26100.3323_none_3e088096e3344490;c:\Users\Administrator\.cursor\extensions\redhat.java-1.40.0-win32-x64\jre\21.0.6-win32-x86_64\bin\server;C:\Users\Administrator\AppData\Roaming\Cursor\User\globalStorage\redhat.java\1.40.0\config_win\org.eclipse.equinox.launcher\org.eclipse.equinox.launcher.win32.win32.x86_64_1.2.1200.v20250212-0927

VM Arguments:
jvm_args: --add-modules=ALL-SYSTEM --add-opens=java.base/java.util=ALL-UNNAMED --add-opens=java.base/java.lang=ALL-UNNAMED --add-opens=java.base/sun.nio.fs=ALL-UNNAMED -Declipse.application=org.eclipse.jdt.ls.core.id1 -Dosgi.bundles.defaultStartLevel=4 -Declipse.product=org.eclipse.jdt.ls.core.product -Djava.import.generatesMetadataFilesAtProjectRoot=false -DDetectVMInstallationsJob.disabled=true -Dfile.encoding=utf8 -XX:+UseParallelGC -XX:GCTimeRatio=4 -XX:AdaptiveSizePolicyWeight=90 -Dsun.zip.disableMemoryMapping=true -Xmx1G -Xms100m -Xlog:disable -javaagent:c:\Users\Administrator\.cursor\extensions\redhat.java-1.40.0-win32-x64\lombok\lombok-1.18.36.jar -XX:+HeapDumpOnOutOfMemoryError -XX:HeapDumpPath=c:\Users\Administrator\AppData\Roaming\Cursor\User\workspaceStorage\ccf8b24a131b191844fcd40c0f56d9f5\redhat.java -Daether.dependencyCollector.impl=bf 
java_command: c:\Users\Administrator\.cursor\extensions\redhat.java-1.40.0-win32-x64\server\plugins\org.eclipse.equinox.launcher_1.6.1000.v20250131-0606.jar -configuration c:\Users\Administrator\AppData\Roaming\Cursor\User\globalStorage\redhat.java\1.40.0\config_win -data c:\Users\Administrator\AppData\Roaming\Cursor\User\workspaceStorage\ccf8b24a131b191844fcd40c0f56d9f5\redhat.java\jdt_ws --pipe=\\.\pipe\lsp-5accf0b695275a82270dcfca554161db-sock
java_class_path (initial): c:\Users\Administrator\.cursor\extensions\redhat.java-1.40.0-win32-x64\server\plugins\org.eclipse.equinox.launcher_1.6.1000.v20250131-0606.jar
Launcher Type: SUN_STANDARD

[Global flags]
    uintx AdaptiveSizePolicyWeight                 = 90                                        {product} {command line}
     intx CICompilerCount                          = 12                                        {product} {ergonomic}
    uintx GCTimeRatio                              = 4                                         {product} {command line}
     bool HeapDumpOnOutOfMemoryError               = true                                   {manageable} {command line}
    ccstr HeapDumpPath                             = c:\Users\Administrator\AppData\Roaming\Cursor\User\workspaceStorage\ccf8b24a131b191844fcd40c0f56d9f5\redhat.java         {manageable} {command line}
   size_t InitialHeapSize                          = 104857600                                 {product} {command line}
   size_t MaxHeapSize                              = 1073741824                                {product} {command line}
   size_t MaxNewSize                               = 357564416                                 {product} {ergonomic}
   size_t MinHeapDeltaBytes                        = 524288                                    {product} {ergonomic}
   size_t MinHeapSize                              = 104857600                                 {product} {command line}
   size_t NewSize                                  = 34603008                                  {product} {ergonomic}
    uintx NonNMethodCodeHeapSize                   = 7602480                                {pd product} {ergonomic}
    uintx NonProfiledCodeHeapSize                  = 122027880                              {pd product} {ergonomic}
   size_t OldSize                                  = 70254592                                  {product} {ergonomic}
    uintx ProfiledCodeHeapSize                     = 122027880                              {pd product} {ergonomic}
    uintx ReservedCodeCacheSize                    = 251658240                              {pd product} {ergonomic}
     bool SegmentedCodeCache                       = true                                      {product} {ergonomic}
   size_t SoftMaxHeapSize                          = 1073741824                             {manageable} {ergonomic}
     bool UseCompressedOops                        = true                           {product lp64_product} {ergonomic}
     bool UseLargePagesIndividualAllocation        = false                                  {pd product} {ergonomic}
     bool UseParallelGC                            = true                                      {product} {command line}

Logging:
Log output configuration:
 #0: stdout all=off uptime,level,tags foldmultilines=false
 #1: stderr all=off uptime,level,tags foldmultilines=false

Environment Variables:
JAVA_HOME=D:\code\javaa\Java\jdk-17
PATH=D:\code\linux\vm\bin\;d:\cursor\resources\app\bin;C:\Program Files (x86)\Microsoft\Edge\Application;C:\Program Files\Common Files\Oracle\Java\javapath;C:\Program Files (x86)\Common Files\Oracle\Java\java8path;C:\Program Files (x86)\Common Files\Oracle\Java\javapath;C:\Program Files (x86)\Common Files\Intel\Shared Libraries\redist\intel64\compiler;C:\WINDOWS\system32;C:\WINDOWS;C:\WINDOWS\System32\Wbem;C:\WINDOWS\System32\WindowsPowerShell\v1.0\;C:\WINDOWS\System32\OpenSSH\;C:\Program Files\dotnet\;C:\Program Files (x86)\NVIDIA Corporation\PhysX\Common;D:\code\javaa\SQL\mysql-8.0.31-winx64\bin;C:\Program Files (x86)\Windows Kits\10\Windows Performance Toolkit\;C:\Program Files\NVIDIA Corporation\NVIDIA app\NvDLISR;D:\code\node\;D:\code\opencv\opencv\build\x64\vc16\bin;D:\code\python\py\Scripts\;D:\code\python\py\;C:\Users\Administrator\AppData\Local\Programs\Python\Launcher\;C:\Users\Administrator\AppData\Local\Microsoft\WindowsApps;D:\code\pythonn\PyCharm Community Edition 2024.2.4\bin;;D:\code\py\PyCharm 202;D:\code\python\py\Scripts\;D:\code\python\py\;C:\Users\Administrator\AppData\Local\Programs\Python\Launcher\;C:\Users\Administrator\AppData\Local\Microsoft\WindowsApps;D:\code\pythonn\PyCharm Community Edition 2024.2.4\bin;;D:\code\py\PyCharm 2024.2.4\bin;;D:\code\python\pythonn;D:\WS\WebStorm 2024.3.1.1\bin;;D:\code\nodejs\node_global;D:\code\nodejs;D:\code\nodejs\node_global;D:\code\nodejs\node_cache;D:\code\javaa\mavenn\apache-maven-3.6.3-bin\bin;D:\code\javaa\Tomcat\tomcat9\bin;D:\code\javaa\Java\jdk-17\bin;D:\code\javaa\Tomcat\tomcat10\bin;D:\cursor\resources\app\bin;
USERNAME=Administrator
OS=Windows_NT
PROCESSOR_IDENTIFIER=Intel64 Family 6 Model 191 Stepping 2, GenuineIntel
TMP=C:\Users\ADMINI~1\AppData\Local\Temp
TEMP=C:\Users\ADMINI~1\AppData\Local\Temp




Periodic native trim disabled

---------------  S Y S T E M  ---------------

OS:
 Windows 11 , 64 bit Build 26100 (10.0.26100.3323)
OS uptime: 0 days 9:39 hours
Hyper-V role detected

CPU: total 20 (initial active 20) (10 cores per cpu, 2 threads per core) family 6 model 191 stepping 2 microcode 0x37, cx8, cmov, fxsr, ht, mmx, 3dnowpref, sse, sse2, sse3, ssse3, sse4.1, sse4.2, popcnt, lzcnt, tsc, tscinvbit, avx, avx2, aes, erms, clmul, bmi1, bmi2, adx, sha, fma, vzeroupper, clflush, clflushopt, clwb, hv, serialize, rdtscp, rdpid, fsrm, f16c, cet_ibt, cet_ss
Processor Information for processor 0
  Max Mhz: 2500, Current Mhz: 2500, Mhz Limit: 2500
Processor Information for processor 1
  Max Mhz: 2500, Current Mhz: 2500, Mhz Limit: 2500
Processor Information for processor 2
  Max Mhz: 2500, Current Mhz: 2500, Mhz Limit: 2500
Processor Information for processor 3
  Max Mhz: 2500, Current Mhz: 2500, Mhz Limit: 2500
Processor Information for processor 4
  Max Mhz: 2500, Current Mhz: 2500, Mhz Limit: 2500
Processor Information for processor 5
  Max Mhz: 2500, Current Mhz: 2500, Mhz Limit: 2500
Processor Information for processor 6
  Max Mhz: 2500, Current Mhz: 2500, Mhz Limit: 2500
Processor Information for processor 7
  Max Mhz: 2500, Current Mhz: 2500, Mhz Limit: 2500
Processor Information for processor 8
  Max Mhz: 2500, Current Mhz: 2500, Mhz Limit: 2500
Processor Information for processor 9
  Max Mhz: 2500, Current Mhz: 2500, Mhz Limit: 2500
Processor Information for processor 10
  Max Mhz: 2500, Current Mhz: 2500, Mhz Limit: 2500
Processor Information for processor 11
  Max Mhz: 2500, Current Mhz: 2500, Mhz Limit: 2500
Processor Information for processor 12
  Max Mhz: 2500, Current Mhz: 2500, Mhz Limit: 2500
Processor Information for processor 13
  Max Mhz: 2500, Current Mhz: 1527, Mhz Limit: 2500
Processor Information for processor 14
  Max Mhz: 2500, Current Mhz: 2500, Mhz Limit: 2500
Processor Information for processor 15
  Max Mhz: 2500, Current Mhz: 2500, Mhz Limit: 2500
Processor Information for processor 16
  Max Mhz: 2500, Current Mhz: 2500, Mhz Limit: 2500
Processor Information for processor 17
  Max Mhz: 2500, Current Mhz: 2500, Mhz Limit: 2500
Processor Information for processor 18
  Max Mhz: 2500, Current Mhz: 2500, Mhz Limit: 2500
Processor Information for processor 19
  Max Mhz: 2500, Current Mhz: 2500, Mhz Limit: 2500

Memory: 4k page, system-wide physical 16077M (872M free)
TotalPageFile size 30924M (AvailPageFile size 514M)
current process WorkingSet (physical memory assigned to process): 126M, peak: 126M
current process commit charge ("private bytes"): 249M, peak: 250M

vm_info: OpenJDK 64-Bit Server VM (21.0.6+7-LTS) for windows-amd64 JRE (21.0.6+7-LTS), built on 2025-01-21T00:00:00Z by "admin" with MS VC++ 17.7 (VS2022)

END.
